2026-03-20 14:27:45 - INFO - Initializing application services...
2026-03-20 14:27:45 - INFO - Loading Whisper 'base' on cpu...
2026-03-20 14:27:47 - INFO - Loading NLU Model from ./support-intent-model...
2026-03-20 14:39:37 - INFO - Initializing application services...
2026-03-20 14:39:37 - INFO - Loading Whisper 'base' on cpu...
2026-03-20 14:39:38 - INFO - Loading NLU Model from D:\voicebot_project\support-intent-model...
2026-03-20 14:42:08 - INFO - Initializing application services...
2026-03-20 14:42:08 - INFO - Loading Whisper 'base' on cpu...
2026-03-20 14:42:09 - INFO - Loading NLU Model from distilbert-base-uncased...
2026-03-20 14:42:12 - INFO - All services initialized successfully.
2026-03-20 14:43:05 - INFO - Received voicebot request. Processing file: order_status.m4a
2026-03-20 14:43:05 - INFO - Transcribing audio file...
2026-03-20 14:43:07 - INFO - Predicting intent for: 'Where is my package?'
2026-03-20 14:43:07 - INFO - Generating response for intent: LABEL_0 (Confidence: 0.52)
2026-03-20 14:43:07 - WARNING - Confidence below threshold. Using fallback response.
2026-03-20 14:43:07 - INFO - Synthesizing speech for: 'I'm sorry, I didn't quite catch that. Could you please repeat your request?'
2026-03-20 14:43:08 - INFO - Successfully processed request in 3.22 seconds.
2026-03-20 14:55:04 - INFO - Initializing application services...
2026-03-20 14:55:04 - INFO - Loading Whisper 'base' on cpu...
2026-03-20 14:55:06 - INFO - Loading NLU Model from distilbert-base-uncased...
2026-03-20 14:55:09 - INFO - All services initialized successfully.
2026-03-20 14:55:35 - INFO - Initializing application services...
2026-03-20 14:55:35 - INFO - Loading Whisper 'base' on cpu...
2026-03-20 14:55:36 - INFO - Loading NLU Model from distilbert-base-uncased...
2026-03-20 14:55:38 - INFO - All services initialized successfully.
2026-03-20 14:56:50 - INFO - Received voicebot request. Processing file: order_status.m4a
2026-03-20 14:56:50 - INFO - Transcribing audio file...
2026-03-20 14:56:53 - INFO - Predicting intent for: 'Where is my package?'
2026-03-20 14:56:53 - INFO - Generating response for intent: LABEL_1 (Confidence: 0.51)
2026-03-20 14:56:53 - WARNING - Confidence below threshold. Using fallback response.
2026-03-20 14:56:53 - INFO - Synthesizing speech for: 'I'm sorry, I didn't quite catch that. Could you please repeat your request?'
2026-03-20 14:56:54 - INFO - Successfully processed request in 4.19 seconds.
2026-03-20 14:57:25 - INFO - Received voicebot request. Processing file: refund.m4a
2026-03-20 14:57:25 - INFO - Transcribing audio file...
2026-03-20 14:57:27 - INFO - Predicting intent for: 'I need a refund please.'
2026-03-20 14:57:27 - INFO - Generating response for intent: LABEL_1 (Confidence: 0.51)
2026-03-20 14:57:27 - WARNING - Confidence below threshold. Using fallback response.
2026-03-20 14:57:27 - INFO - Synthesizing speech for: 'I'm sorry, I didn't quite catch that. Could you please repeat your request?'
2026-03-20 14:57:28 - INFO - Successfully processed request in 2.63 seconds.
2026-03-20 15:00:21 - INFO - Received voicebot request. Processing file: Recording.m4a
2026-03-20 15:00:21 - INFO - Transcribing audio file...
2026-03-20 15:00:24 - INFO - Predicting intent for: ''
2026-03-20 15:00:24 - INFO - Generating response for intent: LABEL_1 (Confidence: 0.51)
2026-03-20 15:00:24 - WARNING - Confidence below threshold. Using fallback response.
2026-03-20 15:00:24 - INFO - Synthesizing speech for: 'I'm sorry, I didn't quite catch that. Could you please repeat your request?'
2026-03-20 15:00:26 - INFO - Successfully processed request in 4.40 seconds.
2026-03-20 15:00:43 - INFO - Received voicebot request. Processing file: order_status.m4a
2026-03-20 15:00:43 - INFO - Transcribing audio file...
2026-03-20 15:00:45 - INFO - Predicting intent for: 'Where is my package?'
2026-03-20 15:00:45 - INFO - Generating response for intent: LABEL_1 (Confidence: 0.51)
2026-03-20 15:00:45 - WARNING - Confidence below threshold. Using fallback response.
2026-03-20 15:00:45 - INFO - Synthesizing speech for: 'I'm sorry, I didn't quite catch that. Could you please repeat your request?'
2026-03-20 15:00:46 - INFO - Successfully processed request in 2.64 seconds.
